0 info it worked if it ends with ok
1 verbose cli [ 'C:\\Program Files\\node.exe',
1 verbose cli   'C:\\Program Files\\node_modules\\npm\\bin\\npm-cli.js',
1 verbose cli   'install',
1 verbose cli   'karma-jasmine-jquery' ]
2 info using npm@3.3.12
3 info using node@v5.2.0
4 silly loadCurrentTree Starting
5 silly install loadCurrentTree
6 silly install readLocalPackageData
7 silly fetchPackageMetaData karma-jasmine-jquery@^0.1.1
8 silly fetchNamedPackageData karma-jasmine-jquery
9 silly mapToRegistry name karma-jasmine-jquery
10 silly mapToRegistry using default registry
11 silly mapToRegistry registry https://registry.npmjs.org/
12 silly mapToRegistry uri https://registry.npmjs.org/karma-jasmine-jquery
13 verbose request uri https://registry.npmjs.org/karma-jasmine-jquery
14 verbose request no auth needed
15 info attempt registry request try #1 at 14:41:21
16 verbose request id 1838349454fe45f4
17 http request GET https://registry.npmjs.org/karma-jasmine-jquery
18 http 200 https://registry.npmjs.org/karma-jasmine-jquery
19 verbose headers { server: 'CouchDB/1.5.0 (Erlang OTP/R16B03)',
19 verbose headers   etag: '"B4HQF47EURQTZUTTW51L3BW1F"',
19 verbose headers   'content-type': 'application/json',
19 verbose headers   'cache-control': 'max-age=300',
19 verbose headers   'content-length': '7728',
19 verbose headers   'accept-ranges': 'bytes',
19 verbose headers   date: 'Mon, 21 Dec 2015 14:41:21 GMT',
19 verbose headers   via: '1.1 varnish',
19 verbose headers   age: '0',
19 verbose headers   connection: 'keep-alive',
19 verbose headers   'x-served-by': 'cache-lcy1131-LCY',
19 verbose headers   'x-cache': 'HIT',
19 verbose headers   'x-cache-hits': '1',
19 verbose headers   'x-timer': 'S1450708881.380311,VS0,VE104',
19 verbose headers   vary: 'Accept' }
20 silly get cb [ 200,
20 silly get   { server: 'CouchDB/1.5.0 (Erlang OTP/R16B03)',
20 silly get     etag: '"B4HQF47EURQTZUTTW51L3BW1F"',
20 silly get     'content-type': 'application/json',
20 silly get     'cache-control': 'max-age=300',
20 silly get     'content-length': '7728',
20 silly get     'accept-ranges': 'bytes',
20 silly get     date: 'Mon, 21 Dec 2015 14:41:21 GMT',
20 silly get     via: '1.1 varnish',
20 silly get     age: '0',
20 silly get     connection: 'keep-alive',
20 silly get     'x-served-by': 'cache-lcy1131-LCY',
20 silly get     'x-cache': 'HIT',
20 silly get     'x-cache-hits': '1',
20 silly get     'x-timer': 'S1450708881.380311,VS0,VE104',
20 silly get     vary: 'Accept' } ]
21 verbose get saving karma-jasmine-jquery to \\MACAS001\Profiles$\RedirectedFolders\ya.nassib\Application Data\npm-cache\registry.npmjs.org\karma-jasmine-jquery\.cache.json
22 silly install normalizeTree
23 silly loadCurrentTree Finishing
24 silly loadIdealTree Starting
25 silly install loadIdealTree
26 silly cloneCurrentTree Starting
27 silly install cloneCurrentTreeToIdealTree
28 silly cloneCurrentTree Finishing
29 silly loadShrinkwrap Starting
30 silly install loadShrinkwrap
31 silly loadShrinkwrap Finishing
32 silly loadAllDepsIntoIdealTree Starting
33 silly install loadAllDepsIntoIdealTree
34 silly resolveWithNewModule karma-jasmine-jquery@0.1.1 checking installable status
35 silly cache add args [ 'karma-jasmine-jquery@^0.1.1', null ]
36 verbose cache add spec karma-jasmine-jquery@^0.1.1
37 silly cache add parsed spec Result {
37 silly cache add   raw: 'karma-jasmine-jquery@^0.1.1',
37 silly cache add   scope: null,
37 silly cache add   name: 'karma-jasmine-jquery',
37 silly cache add   rawSpec: '^0.1.1',
37 silly cache add   spec: '>=0.1.1 <0.2.0',
37 silly cache add   type: 'range' }
38 silly addNamed karma-jasmine-jquery@>=0.1.1 <0.2.0
39 verbose addNamed ">=0.1.1 <0.2.0" is a valid semver range for karma-jasmine-jquery
40 silly addNameRange { name: 'karma-jasmine-jquery',
40 silly addNameRange   range: '>=0.1.1 <0.2.0',
40 silly addNameRange   hasData: false }
41 silly mapToRegistry name karma-jasmine-jquery
42 silly mapToRegistry using default registry
43 silly mapToRegistry registry https://registry.npmjs.org/
44 silly mapToRegistry uri https://registry.npmjs.org/karma-jasmine-jquery
45 verbose addNameRange registry:https://registry.npmjs.org/karma-jasmine-jquery not in flight; fetching
46 verbose get https://registry.npmjs.org/karma-jasmine-jquery not expired, no request
47 silly addNameRange number 2 { name: 'karma-jasmine-jquery',
47 silly addNameRange   range: '>=0.1.1 <0.2.0',
47 silly addNameRange   hasData: true }
48 silly addNameRange versions [ 'karma-jasmine-jquery',
48 silly addNameRange   [ '0.0.2', '0.0.3', '0.1.0', '0.1.1' ] ]
49 silly addNamed karma-jasmine-jquery@0.1.1
50 verbose addNamed "0.1.1" is a plain semver version for karma-jasmine-jquery
51 silly mapToRegistry name karma-jasmine-jquery
52 silly mapToRegistry using default registry
53 silly mapToRegistry registry https://registry.npmjs.org/
54 silly mapToRegistry uri https://registry.npmjs.org/karma-jasmine-jquery
55 verbose addRemoteTarball https://registry.npmjs.org/karma-jasmine-jquery/-/karma-jasmine-jquery-0.1.1.tgz not in flight; adding
56 verbose addRemoteTarball [ 'https://registry.npmjs.org/karma-jasmine-jquery/-/karma-jasmine-jquery-0.1.1.tgz',
56 verbose addRemoteTarball   '89c1b754fea4125b1f893821392c11b9ce5d7456' ]
57 info retry fetch attempt 1 at 14:41:22
58 info attempt registry request try #1 at 14:41:22
59 http fetch GET https://registry.npmjs.org/karma-jasmine-jquery/-/karma-jasmine-jquery-0.1.1.tgz
60 http fetch 200 https://registry.npmjs.org/karma-jasmine-jquery/-/karma-jasmine-jquery-0.1.1.tgz
61 silly fetchAndShaCheck shasum 89c1b754fea4125b1f893821392c11b9ce5d7456
62 verbose addTmpTarball C:\Users\YACB5A~1.NAS\AppData\Local\Temp\npm-4548-b8d1a398\registry.npmjs.org\karma-jasmine-jquery\-\karma-jasmine-jquery-0.1.1.tgz not in flight; adding
63 verbose addTmpTarball already have metadata; skipping unpack for karma-jasmine-jquery@0.1.1
64 silly cache afterAdd karma-jasmine-jquery@0.1.1
65 verbose afterAdd \\MACAS001\Profiles$\RedirectedFolders\ya.nassib\Application Data\npm-cache\karma-jasmine-jquery\0.1.1\package\package.json not in flight; writing
66 verbose afterAdd \\MACAS001\Profiles$\RedirectedFolders\ya.nassib\Application Data\npm-cache\karma-jasmine-jquery\0.1.1\package\package.json written
67 silly fetchOtherPackageData bower-installer@git://github.com/bessdsv/bower-installer.git#temp
68 silly cache add args [ 'bower-installer@git://github.com/bessdsv/bower-installer.git#temp',
68 silly cache add   null ]
69 verbose cache add spec bower-installer@git://github.com/bessdsv/bower-installer.git#temp
70 silly cache add parsed spec Result {
70 silly cache add   raw: 'bower-installer@git://github.com/bessdsv/bower-installer.git#temp',
70 silly cache add   scope: null,
70 silly cache add   name: 'bower-installer',
70 silly cache add   rawSpec: 'git://github.com/bessdsv/bower-installer.git#temp',
70 silly cache add   spec: 'git://github.com/bessdsv/bower-installer.git#temp',
70 silly cache add   type: 'hosted',
70 silly cache add   hosted:
70 silly cache add    { type: 'github',
70 silly cache add      ssh: 'git@github.com:bessdsv/bower-installer.git#temp',
70 silly cache add      sshUrl: 'git+ssh://git@github.com/bessdsv/bower-installer.git#temp',
70 silly cache add      httpsUrl: 'git+https://github.com/bessdsv/bower-installer.git#temp',
70 silly cache add      gitUrl: 'git://github.com/bessdsv/bower-installer.git#temp',
70 silly cache add      shortcut: 'github:bessdsv/bower-installer#temp',
70 silly cache add      directUrl: 'https://raw.githubusercontent.com/bessdsv/bower-installer/temp/package.json' } }
71 verbose addRemoteGit caching git://github.com/bessdsv/bower-installer.git#temp
72 verbose addRemoteGit git://github.com/bessdsv/bower-installer.git#temp is a repository hosted by github
73 silly tryClone cloning git://github.com/bessdsv/bower-installer.git#temp via git://github.com/bessdsv/bower-installer.git#temp
74 verbose tryClone git-github-com-bessdsv-bower-installer-git-temp-7d8f6ea47d52ede204e536ba56a4022a not in flight; caching
75 verbose makeDirectory \\MACAS001\Profiles$\RedirectedFolders\ya.nassib\Application Data\npm-cache\_git-remotes creation not in flight; initializing
76 verbose makeCacheDir UID & GID are irrelevant on win32
77 info git [ 'clone',
77 info git   '--template=\\\\MACAS001\\Profiles$\\RedirectedFolders\\ya.nassib\\Application Data\\npm-cache\\_git-remotes\\_templates',
77 info git   '--mirror',
77 info git   'git://github.com/bessdsv/bower-installer.git',
77 info git   '\\\\MACAS001\\Profiles$\\RedirectedFolders\\ya.nassib\\Application Data\\npm-cache\\_git-remotes\\git-github-com-bessdsv-bower-installer-git-temp-7d8f6ea47d52ede204e536ba56a4022a' ]
78 verbose mirrorRemote git://github.com/bessdsv/bower-installer.git#temp git clone git://github.com/bessdsv/bower-installer.git
79 verbose setPermissions git://github.com/bessdsv/bower-installer.git#temp skipping chownr on Windows
80 verbose resolveHead git://github.com/bessdsv/bower-installer.git#temp original treeish: temp
81 info git [ 'rev-list', '-n1', 'temp' ]
82 silly resolveHead git://github.com/bessdsv/bower-installer.git#temp resolved treeish: 7f9cece1e6fada50f44dc0851e1d85815cd1b4a7
83 verbose resolveHead git://github.com/bessdsv/bower-installer.git#temp resolved Git URL: git://github.com/bessdsv/bower-installer.git#7f9cece1e6fada50f44dc0851e1d85815cd1b4a7
84 silly resolveHead Git working directory: C:\Users\YACB5A~1.NAS\AppData\Local\Temp\npm-4548-b8d1a398\git-cache-3759e0e55e1158dbb837a7d9fb31b4f1\7f9cece1e6fada50f44dc0851e1d85815cd1b4a7
85 info git [ 'clone',
85 info git   '\\\\MACAS001\\Profiles$\\RedirectedFolders\\ya.nassib\\Application Data\\npm-cache\\_git-remotes\\git-github-com-bessdsv-bower-installer-git-temp-7d8f6ea47d52ede204e536ba56a4022a',
85 info git   'C:\\Users\\YACB5A~1.NAS\\AppData\\Local\\Temp\\npm-4548-b8d1a398\\git-cache-3759e0e55e1158dbb837a7d9fb31b4f1\\7f9cece1e6fada50f44dc0851e1d85815cd1b4a7' ]
86 error git clone \\MACAS001\Profiles$\RedirectedFolders\ya.nassib\Application Data\npm-cache\_git-remotes\git-github-com-bessdsv-bower-installer-git-temp-7d8f6ea47d52ede204e536ba56a4022a C:\Users\YACB5A~1.NAS\AppData\Local\Temp\npm-4548-b8d1a398\git-cache-3759e0e55e1158dbb837a7d9fb31b4f1\7f9cece1e6fada50f44dc0851e1d85815cd1b4a7: Cloning into 'C:\Users\YACB5A~1.NAS\AppData\Local\Temp\npm-4548-b8d1a398\git-cache-3759e0e55e1158dbb837a7d9fb31b4f1\7f9cece1e6fada50f44dc0851e1d85815cd1b4a7'...
86 error git clone \\MACAS001\Profiles$\RedirectedFolders\ya.nassib\Application Data\npm-cache\_git-remotes\git-github-com-bessdsv-bower-installer-git-temp-7d8f6ea47d52ede204e536ba56a4022a C:\Users\YACB5A~1.NAS\AppData\Local\Temp\npm-4548-b8d1a398\git-cache-3759e0e55e1158dbb837a7d9fb31b4f1\7f9cece1e6fada50f44dc0851e1d85815cd1b4a7: fatal: '\MACAS001\Profiles$\RedirectedFolders\ya.nassib\Application Data\npm-cache\_git-remotes\git-github-com-bessdsv-bower-installer-git-temp-7d8f6ea47d52ede204e536ba56a4022a' does not appear to be a git repository
86 error git clone \\MACAS001\Profiles$\RedirectedFolders\ya.nassib\Application Data\npm-cache\_git-remotes\git-github-com-bessdsv-bower-installer-git-temp-7d8f6ea47d52ede204e536ba56a4022a C:\Users\YACB5A~1.NAS\AppData\Local\Temp\npm-4548-b8d1a398\git-cache-3759e0e55e1158dbb837a7d9fb31b4f1\7f9cece1e6fada50f44dc0851e1d85815cd1b4a7: fatal: Could not read from remote repository.
86 error git clone \\MACAS001\Profiles$\RedirectedFolders\ya.nassib\Application Data\npm-cache\_git-remotes\git-github-com-bessdsv-bower-installer-git-temp-7d8f6ea47d52ede204e536ba56a4022a C:\Users\YACB5A~1.NAS\AppData\Local\Temp\npm-4548-b8d1a398\git-cache-3759e0e55e1158dbb837a7d9fb31b4f1\7f9cece1e6fada50f44dc0851e1d85815cd1b4a7:
86 error git clone \\MACAS001\Profiles$\RedirectedFolders\ya.nassib\Application Data\npm-cache\_git-remotes\git-github-com-bessdsv-bower-installer-git-temp-7d8f6ea47d52ede204e536ba56a4022a C:\Users\YACB5A~1.NAS\AppData\Local\Temp\npm-4548-b8d1a398\git-cache-3759e0e55e1158dbb837a7d9fb31b4f1\7f9cece1e6fada50f44dc0851e1d85815cd1b4a7: Please make sure you have the correct access rights
86 error git clone \\MACAS001\Profiles$\RedirectedFolders\ya.nassib\Application Data\npm-cache\_git-remotes\git-github-com-bessdsv-bower-installer-git-temp-7d8f6ea47d52ede204e536ba56a4022a C:\Users\YACB5A~1.NAS\AppData\Local\Temp\npm-4548-b8d1a398\git-cache-3759e0e55e1158dbb837a7d9fb31b4f1\7f9cece1e6fada50f44dc0851e1d85815cd1b4a7: and the repository exists.
87 silly fetchPackageMetaData Error: Command failed: git -c core.longpaths=true clone \\MACAS001\Profiles$\RedirectedFolders\ya.nassib\Application Data\npm-cache\_git-remotes\git-github-com-bessdsv-bower-installer-git-temp-7d8f6ea47d52ede204e536ba56a4022a C:\Users\YACB5A~1.NAS\AppData\Local\Temp\npm-4548-b8d1a398\git-cache-3759e0e55e1158dbb837a7d9fb31b4f1\7f9cece1e6fada50f44dc0851e1d85815cd1b4a7
87 silly fetchPackageMetaData Cloning into 'C:\Users\YACB5A~1.NAS\AppData\Local\Temp\npm-4548-b8d1a398\git-cache-3759e0e55e1158dbb837a7d9fb31b4f1\7f9cece1e6fada50f44dc0851e1d85815cd1b4a7'...
87 silly fetchPackageMetaData fatal: '\MACAS001\Profiles$\RedirectedFolders\ya.nassib\Application Data\npm-cache\_git-remotes\git-github-com-bessdsv-bower-installer-git-temp-7d8f6ea47d52ede204e536ba56a4022a' does not appear to be a git repository
87 silly fetchPackageMetaData fatal: Could not read from remote repository.
87 silly fetchPackageMetaData
87 silly fetchPackageMetaData Please make sure you have the correct access rights
87 silly fetchPackageMetaData and the repository exists.
87 silly fetchPackageMetaData
87 silly fetchPackageMetaData     at ChildProcess.exithandler (child_process.js:214:12)
87 silly fetchPackageMetaData     at emitTwo (events.js:88:13)
87 silly fetchPackageMetaData     at ChildProcess.emit (events.js:173:7)
87 silly fetchPackageMetaData     at maybeClose (internal/child_process.js:819:16)
87 silly fetchPackageMetaData     at Process.ChildProcess._handle.onexit (internal/child_process.js:212:5)
87 silly fetchPackageMetaData  error for bower-installer@git://github.com/bessdsv/bower-installer.git#temp { [Error: Command failed: git -c core.longpaths=true clone \\MACAS001\Profiles$\RedirectedFolders\ya.nassib\Application Data\npm-cache\_git-remotes\git-github-com-bessdsv-bower-installer-git-temp-7d8f6ea47d52ede204e536ba56a4022a C:\Users\YACB5A~1.NAS\AppData\Local\Temp\npm-4548-b8d1a398\git-cache-3759e0e55e1158dbb837a7d9fb31b4f1\7f9cece1e6fada50f44dc0851e1d85815cd1b4a7
87 silly fetchPackageMetaData Cloning into 'C:\Users\YACB5A~1.NAS\AppData\Local\Temp\npm-4548-b8d1a398\git-cache-3759e0e55e1158dbb837a7d9fb31b4f1\7f9cece1e6fada50f44dc0851e1d85815cd1b4a7'...
87 silly fetchPackageMetaData fatal: '\MACAS001\Profiles$\RedirectedFolders\ya.nassib\Application Data\npm-cache\_git-remotes\git-github-com-bessdsv-bower-installer-git-temp-7d8f6ea47d52ede204e536ba56a4022a' does not appear to be a git repository
87 silly fetchPackageMetaData fatal: Could not read from remote repository.
87 silly fetchPackageMetaData
87 silly fetchPackageMetaData Please make sure you have the correct access rights
87 silly fetchPackageMetaData and the repository exists.
87 silly fetchPackageMetaData ]
87 silly fetchPackageMetaData   killed: false,
87 silly fetchPackageMetaData   code: 128,
87 silly fetchPackageMetaData   signal: null,
87 silly fetchPackageMetaData   cmd: 'git -c core.longpaths=true clone \\\\MACAS001\\Profiles$\\RedirectedFolders\\ya.nassib\\Application Data\\npm-cache\\_git-remotes\\git-github-com-bessdsv-bower-installer-git-temp-7d8f6ea47d52ede204e536ba56a4022a C:\\Users\\YACB5A~1.NAS\\AppData\\Local\\Temp\\npm-4548-b8d1a398\\git-cache-3759e0e55e1158dbb837a7d9fb31b4f1\\7f9cece1e6fada50f44dc0851e1d85815cd1b4a7' }
88 silly rollbackFailedOptional Starting
89 silly rollbackFailedOptional Finishing
90 silly runTopLevelLifecycles Starting
91 silly runTopLevelLifecycles Finishing
92 silly install printInstalled
93 verbose stack Error: Command failed: git -c core.longpaths=true clone \\MACAS001\Profiles$\RedirectedFolders\ya.nassib\Application Data\npm-cache\_git-remotes\git-github-com-bessdsv-bower-installer-git-temp-7d8f6ea47d52ede204e536ba56a4022a C:\Users\YACB5A~1.NAS\AppData\Local\Temp\npm-4548-b8d1a398\git-cache-3759e0e55e1158dbb837a7d9fb31b4f1\7f9cece1e6fada50f44dc0851e1d85815cd1b4a7
93 verbose stack Cloning into 'C:\Users\YACB5A~1.NAS\AppData\Local\Temp\npm-4548-b8d1a398\git-cache-3759e0e55e1158dbb837a7d9fb31b4f1\7f9cece1e6fada50f44dc0851e1d85815cd1b4a7'...
93 verbose stack fatal: '\MACAS001\Profiles$\RedirectedFolders\ya.nassib\Application Data\npm-cache\_git-remotes\git-github-com-bessdsv-bower-installer-git-temp-7d8f6ea47d52ede204e536ba56a4022a' does not appear to be a git repository
93 verbose stack fatal: Could not read from remote repository.
93 verbose stack
93 verbose stack Please make sure you have the correct access rights
93 verbose stack and the repository exists.
93 verbose stack
93 verbose stack     at ChildProcess.exithandler (child_process.js:214:12)
93 verbose stack     at emitTwo (events.js:88:13)
93 verbose stack     at ChildProcess.emit (events.js:173:7)
93 verbose stack     at maybeClose (internal/child_process.js:819:16)
93 verbose stack     at Process.ChildProcess._handle.onexit (internal/child_process.js:212:5)
94 verbose cwd C:\xampp\htdocs\yeaoman
95 error Windows_NT 6.1.7601
96 error argv "C:\\Program Files\\node.exe" "C:\\Program Files\\node_modules\\npm\\bin\\npm-cli.js" "install" "karma-jasmine-jquery"
97 error node v5.2.0
98 error npm  v3.3.12
99 error code 128
100 error Command failed: git -c core.longpaths=true clone \\MACAS001\Profiles$\RedirectedFolders\ya.nassib\Application Data\npm-cache\_git-remotes\git-github-com-bessdsv-bower-installer-git-temp-7d8f6ea47d52ede204e536ba56a4022a C:\Users\YACB5A~1.NAS\AppData\Local\Temp\npm-4548-b8d1a398\git-cache-3759e0e55e1158dbb837a7d9fb31b4f1\7f9cece1e6fada50f44dc0851e1d85815cd1b4a7
100 error Cloning into 'C:\Users\YACB5A~1.NAS\AppData\Local\Temp\npm-4548-b8d1a398\git-cache-3759e0e55e1158dbb837a7d9fb31b4f1\7f9cece1e6fada50f44dc0851e1d85815cd1b4a7'...
100 error fatal: '\MACAS001\Profiles$\RedirectedFolders\ya.nassib\Application Data\npm-cache\_git-remotes\git-github-com-bessdsv-bower-installer-git-temp-7d8f6ea47d52ede204e536ba56a4022a' does not appear to be a git repository
100 error fatal: Could not read from remote repository.
100 error
100 error Please make sure you have the correct access rights
100 error and the repository exists.
101 error If you need help, you may report this error at:
101 error     <https://github.com/npm/npm/issues>
102 verbose exit [ 1, true ]
